<?xml version="1.0" encoding="UTF-8"?>
<testng-results skipped="0" failed="1" ignored="0" total="3" passed="2">
  <reporter-output>
    <line>
      <![CDATA[Click to see Screenshot]]>
    </line>
    <line>
      <![CDATA[<a target="_blank" href=Wed_Jun_30_08_34_15_IST_2021.jpg>Screenshot</a>]]>
    </line>
    <line>
      <![CDATA[<br>]]>
    </line>
    <line>
      <![CDATA[<br>]]>
    </line>
    <line>
      <![CDATA[<a target="_blank" href=Wed_Jun_30_08_34_15_IST_2021.jpg><img src=Wed_Jun_30_08_34_15_IST_2021.jpg height=200 width=200></img></a>]]>
    </line>
    <line>
      <![CDATA[adding customer message ]]>
    </line>
  </reporter-output>
  <suite name="Data Driven Basics" duration-ms="27072" started-at="2021-06-30T03:04:06Z" finished-at="2021-06-30T03:04:33Z">
    <groups>
    </groups>
    <test name="Bank Manager Login Test" duration-ms="9373" started-at="2021-06-30T03:04:06Z" finished-at="2021-06-30T03:04:15Z">
      <class name="com.w2a.testcases.LoginTest">
        <test-method status="FAIL" signature="loginasBankManahger()[pri:0, instance:com.w2a.testcases.LoginTest@6a78afa0]" name="loginasBankManahger" duration-ms="9122" started-at="2021-06-30T08:34:06Z" finished-at="2021-06-30T08:34:15Z">
          <exception class="java.lang.AssertionError">
            <message>
              <![CDATA[intentially failing the test]]>
            </message>
            <full-stacktrace>
              <![CDATA[java.lang.AssertionError: intentially failing the test
	at org.testng.Assert.fail(Assert.java:93)
	at com.w2a.testcases.LoginTest.loginasBankManahger(LoginTest.java:16)
	at sun.reflect.NativeMethodAccessorImpl.invoke0(Native Method)
	at sun.reflect.NativeMethodAccessorImpl.invoke(NativeMethodAccessorImpl.java:62)
	at sun.reflect.DelegatingMethodAccessorImpl.invoke(DelegatingMethodAccessorImpl.java:43)
	at java.lang.reflect.Method.invoke(Method.java:498)
	at org.testng.internal.MethodInvocationHelper.invokeMethod(MethodInvocationHelper.java:108)
	at org.testng.internal.Invoker.invokeMethod(Invoker.java:661)
	at org.testng.internal.Invoker.invokeTestMethod(Invoker.java:869)
	at org.testng.internal.Invoker.invokeTestMethods(Invoker.java:1193)
	at org.testng.internal.TestMethodWorker.invokeTestMethods(TestMethodWorker.java:126)
	at org.testng.internal.TestMethodWorker.run(TestMethodWorker.java:109)
	at org.testng.TestRunner.privateRun(TestRunner.java:744)
	at org.testng.TestRunner.run(TestRunner.java:602)
	at org.testng.SuiteRunner.runTest(SuiteRunner.java:380)
	at org.testng.SuiteRunner.runSequentially(SuiteRunner.java:375)
	at org.testng.SuiteRunner.privateRun(SuiteRunner.java:340)
	at org.testng.SuiteRunner.run(SuiteRunner.java:289)
	at org.testng.SuiteRunnerWorker.runSuite(SuiteRunnerWorker.java:52)
	at org.testng.SuiteRunnerWorker.run(SuiteRunnerWorker.java:86)
	at org.testng.TestNG.runSuitesSequentially(TestNG.java:1301)
	at org.testng.TestNG.runSuitesLocally(TestNG.java:1226)
	at org.testng.TestNG.runSuites(TestNG.java:1144)
	at org.testng.TestNG.run(TestNG.java:1115)
	at org.testng.remote.AbstractRemoteTestNG.run(AbstractRemoteTestNG.java:114)
	at org.testng.remote.RemoteTestNG.initAndRun(RemoteTestNG.java:251)
	at org.testng.remote.RemoteTestNG.main(RemoteTestNG.java:77)
]]>
            </full-stacktrace>
          </exception> <!-- java.lang.AssertionError -->
          <reporter-output>
            <line>
              <![CDATA[Click to see Screenshot]]>
            </line>
            <line>
              <![CDATA[<a target="_blank" href=Wed_Jun_30_08_34_15_IST_2021.jpg>Screenshot</a>]]>
            </line>
            <line>
              <![CDATA[<br>]]>
            </line>
            <line>
              <![CDATA[<br>]]>
            </line>
            <line>
              <![CDATA[<a target="_blank" href=Wed_Jun_30_08_34_15_IST_2021.jpg><img src=Wed_Jun_30_08_34_15_IST_2021.jpg height=200 width=200></img></a>]]>
            </line>
          </reporter-output>
        </test-method> <!-- loginasBankManahger -->
        <test-method status="PASS" signature="loginasnewbankmanaer()[pri:0, instance:com.w2a.testcases.LoginTest@6a78afa0]" name="loginasnewbankmanaer" duration-ms="2" started-at="2021-06-30T08:34:15Z" finished-at="2021-06-30T08:34:15Z">
          <reporter-output>
          </reporter-output>
        </test-method> <!-- loginasnewbankmanaer -->
      </class> <!-- com.w2a.testcases.LoginTest -->
    </test> <!-- Bank Manager Login Test -->
    <test name="Add customer Test" duration-ms="17673" started-at="2021-06-30T03:04:15Z" finished-at="2021-06-30T03:04:33Z">
      <class name="com.w2a.testcases.AddCustomerTest">
        <test-method status="PASS" signature="setUp()[pri:0, instance:com.w2a.testcases.AddCustomerTest@6ed3ccb2]" name="setUp" is-config="true" duration-ms="7501" started-at="2021-06-30T08:33:58Z" finished-at="2021-06-30T08:34:06Z">
          <reporter-output>
          </reporter-output>
        </test-method> <!-- setUp -->
        <test-method status="PASS" signature="addCustomerTest()[pri:0, instance:com.w2a.testcases.AddCustomerTest@6ed3ccb2]" name="addCustomerTest" duration-ms="17666" started-at="2021-06-30T08:34:15Z" finished-at="2021-06-30T08:34:33Z">
          <reporter-output>
            <line>
              <![CDATA[adding customer message ]]>
            </line>
          </reporter-output>
        </test-method> <!-- addCustomerTest -->
        <test-method status="PASS" signature="tearDown()[pri:0, instance:com.w2a.testcases.AddCustomerTest@6ed3ccb2]" name="tearDown" is-config="true" duration-ms="730" started-at="2021-06-30T08:34:33Z" finished-at="2021-06-30T08:34:33Z">
          <reporter-output>
          </reporter-output>
        </test-method> <!-- tearDown -->
      </class> <!-- com.w2a.testcases.AddCustomerTest -->
    </test> <!-- Add customer Test -->
  </suite> <!-- Data Driven Basics -->
</testng-results>
